/venv/main/lib/python3.10/site-packages/torch/distributed/launch.py:178: FutureWarning: The module torch.distributed.launch is deprecated
and will be removed in future. Use torchrun.
Note that --use_env is set by default in torchrun.
If your script expects `--local_rank` argument to be set, please
change it to read from `os.environ['LOCAL_RANK']` instead. See 
https://pytorch.org/docs/stable/distributed.html#launch-utility for 
further instructions

  warnings.warn(
WARNING:torch.distributed.run:
*****************************************
Setting OMP_NUM_THREADS environment variable for each process to be 1 in default, to avoid your system being overloaded, please further tune the variable for optimal performance in your application as needed. 
*****************************************
/venv/main/lib/python3.10/site-packages/mmengine/utils/dl_utils/setup_env.py:56: UserWarning: Setting MKL_NUM_THREADS environment variable for each process to be 1 in default, to avoid your system being overloaded, please further tune the variable for optimal performance in your application as needed.
  warnings.warn(
/venv/main/lib/python3.10/site-packages/mmengine/utils/dl_utils/setup_env.py:56: UserWarning: Setting MKL_NUM_THREADS environment variable for each process to be 1 in default, to avoid your system being overloaded, please further tune the variable for optimal performance in your application as needed.
  warnings.warn(
/venv/main/lib/python3.10/site-packages/mmengine/utils/dl_utils/setup_env.py:56: UserWarning: Setting MKL_NUM_THREADS environment variable for each process to be 1 in default, to avoid your system being overloaded, please further tune the variable for optimal performance in your application as needed.
  warnings.warn(
/venv/main/lib/python3.10/site-packages/mmengine/utils/dl_utils/setup_env.py:56: UserWarning: Setting MKL_NUM_THREADS environment variable for each process to be 1 in default, to avoid your system being overloaded, please further tune the variable for optimal performance in your application as needed.
  warnings.warn(
04/17 11:23:08 - mmengine - INFO - 
------------------------------------------------------------
System environment:
    sys.platform: linux
    Python: 3.10.12 (main, Feb  4 2025, 14:57:36) [GCC 11.4.0]
    CUDA available: True
    MUSA available: False
    numpy_random_seed: 867632262
    GPU 0,1,2,3: NVIDIA GeForce RTX 3090
    CUDA_HOME: /usr/local/cuda
    NVCC: Cuda compilation tools, release 12.4, V12.4.131
    GCC: x86_64-linux-gnu-gcc (Ubuntu 11.4.0-1ubuntu1~22.04) 11.4.0
    PyTorch: 1.12.1+cu113
    PyTorch compiling details: PyTorch built with:
  - GCC 9.3
  - C++ Version: 201402
  - Intel(R) Math Kernel Library Version 2020.0.0 Product Build 20191122 for Intel(R) 64 architecture applications
  - Intel(R) MKL-DNN v2.6.0 (Git Hash 52b5f107dd9cf10910aaa19cb47f3abf9b349815)
  - OpenMP 201511 (a.k.a. OpenMP 4.5)
  - LAPACK is enabled (usually provided by MKL)
  - NNPACK is enabled
  - CPU capability usage: AVX2
  - CUDA Runtime 11.3
  - NVCC architecture flags: -gencode;arch=compute_37,code=sm_37;-gencode;arch=compute_50,code=sm_50;-gencode;arch=compute_60,code=sm_60;-gencode;arch=compute_70,code=sm_70;-gencode;arch=compute_75,code=sm_75;-gencode;arch=compute_80,code=sm_80;-gencode;arch=compute_86,code=sm_86
  - CuDNN 8.3.2  (built against CUDA 11.5)
  - Magma 2.5.2
  - Build settings: BLAS_INFO=mkl, BUILD_TYPE=Release, CUDA_VERSION=11.3, CUDNN_VERSION=8.3.2, CXX_COMPILER=/opt/rh/devtoolset-9/root/usr/bin/c++, CXX_FLAGS= -fabi-version=11 -Wno-deprecated -fvisibility-inlines-hidden -DUSE_PTHREADPOOL -fopenmp -DNDEBUG -DUSE_KINETO -DUSE_FBGEMM -DUSE_QNNPACK -DUSE_PYTORCH_QNNPACK -DUSE_XNNPACK -DSYMBOLICATE_MOBILE_DEBUG_HANDLE -DEDGE_PROFILER_USE_KINETO -O2 -fPIC -Wno-narrowing -Wall -Wextra -Werror=return-type -Wno-missing-field-initializers -Wno-type-limits -Wno-array-bounds -Wno-unknown-pragmas -Wno-unused-parameter -Wno-unused-function -Wno-unused-result -Wno-unused-local-typedefs -Wno-strict-overflow -Wno-strict-aliasing -Wno-error=deprecated-declarations -Wno-stringop-overflow -Wno-psabi -Wno-error=pedantic -Wno-error=redundant-decls -Wno-error=old-style-cast -fdiagnostics-color=always -faligned-new -Wno-unused-but-set-variable -Wno-maybe-uninitialized -fno-math-errno -fno-trapping-math -Werror=format -Werror=cast-function-type -Wno-stringop-overflow, LAPACK_INFO=mkl, PERF_WITH_AVX=1, PERF_WITH_AVX2=1, PERF_WITH_AVX512=1, TORCH_VERSION=1.12.1, USE_CUDA=ON, USE_CUDNN=ON, USE_EXCEPTION_PTR=1, USE_GFLAGS=OFF, USE_GLOG=OFF, USE_MKL=ON, USE_MKLDNN=OFF, USE_MPI=OFF, USE_NCCL=ON, USE_NNPACK=ON, USE_OPENMP=ON, USE_ROCM=OFF, 

    TorchVision: 0.13.1+cu113
    OpenCV: 4.11.0
    MMEngine: 0.10.7

Runtime environment:
    cudnn_benchmark: True
    mp_cfg: {'mp_start_method': 'fork', 'opencv_num_threads': 0}
    dist_cfg: {'backend': 'nccl'}
    gpus: 2
    seed: 867632262
    Distributed launcher: pytorch
    Distributed training: True
    GPU number: 4
------------------------------------------------------------

04/17 11:23:08 - mmengine - INFO - Config:
checkpoint_file = 'https://download.openmmlab.com/mmsegmentation/v0.5/pretrain/segnext/mscan_t_20230227-119e8c9f.pth'
crop_size = (
    512,
    512,
)
data_preprocessor = dict(
    bgr_to_rgb=True,
    mean=[
        123.675,
        116.28,
        103.53,
    ],
    pad_val=0,
    seg_pad_val=255,
    size=(
        512,
        512,
    ),
    std=[
        58.395,
        57.12,
        57.375,
    ],
    test_cfg=dict(size_divisor=32),
    type='SegDataPreProcessor')
data_root = 'data/rescuenet/'
dataset_type = 'RescueNetDataset'
default_hooks = dict(
    checkpoint=dict(by_epoch=False, interval=2000, type='CheckpointHook'),
    logger=dict(interval=50, log_metric_by_epoch=False, type='LoggerHook'),
    param_scheduler=dict(type='ParamSchedulerHook'),
    sampler_seed=dict(type='DistSamplerSeedHook'),
    timer=dict(type='IterTimerHook'),
    visualization=dict(type='SegVisualizationHook'))
default_scope = 'mmseg'
env_cfg = dict(
    cudnn_benchmark=True,
    dist_cfg=dict(backend='nccl'),
    gpus=2,
    mp_cfg=dict(mp_start_method='fork', opencv_num_threads=0))
gpu_ids = [
    0,
    1,
]
ham_norm_cfg = dict(num_groups=32, requires_grad=True, type='GN')
img_ratios = [
    0.5,
    0.75,
    1.0,
    1.25,
    1.5,
    1.75,
]
img_scale = (
    1500,
    1125,
)
launcher = 'pytorch'
load_from = None
log_level = 'INFO'
log_processor = dict(by_epoch=False)
model = dict(
    backbone=dict(
        act_cfg=dict(type='ReLU'),
        depths=[
            3,
            3,
            5,
            2,
        ],
        drop_path_rate=0.1,
        drop_rate=0.0,
        embed_dims=[
            32,
            64,
            160,
            256,
        ],
        init_cfg=dict(
            checkpoint=
            'https://download.openmmlab.com/mmsegmentation/v0.5/pretrain/segnext/mscan_t_20230227-119e8c9f.pth',
            type='Pretrained'),
        mlp_ratios=[
            8,
            8,
            4,
            4,
        ],
        norm_cfg=dict(requires_grad=True, type='SyncBN'),
        shift_offsets=[
            (
                1,
                0,
            ),
            (
                -1,
                0,
            ),
            (
                0,
                1,
            ),
            (
                0,
                -1,
            ),
            (
                1,
                1,
            ),
            (
                -1,
                -1,
            ),
            (
                1,
                -1,
            ),
            (
                -1,
                1,
            ),
        ],
        type='MSCANGroupShift',
        use_1x1_after_shift=True),
    data_preprocessor=dict(
        bgr_to_rgb=True,
        mean=[
            123.675,
            116.28,
            103.53,
        ],
        pad_val=0,
        seg_pad_val=255,
        size=(
            512,
            512,
        ),
        std=[
            58.395,
            57.12,
            57.375,
        ],
        test_cfg=dict(size_divisor=32),
        type='SegDataPreProcessor'),
    decode_head=dict(
        align_corners=False,
        channels=256,
        dropout_ratio=0.1,
        ham_channels=256,
        ham_kwargs=dict(
            MD_R=16,
            MD_S=1,
            eval_steps=7,
            inv_t=100,
            rand_init=True,
            train_steps=6),
        in_channels=[
            64,
            160,
            256,
        ],
        in_index=[
            1,
            2,
            3,
        ],
        loss_decode=dict(
            avg_non_ignore=True,
            loss_weight=1.0,
            type='CrossEntropyLoss',
            use_sigmoid=False),
        norm_cfg=dict(num_groups=32, requires_grad=True, type='GN'),
        num_classes=11,
        type='LightHamHead'),
    pretrained=None,
    test_cfg=dict(mode='whole'),
    train_cfg=dict(),
    type='EncoderDecoder')
optim_wrapper = dict(
    optimizer=dict(
        betas=(
            0.9,
            0.999,
        ), lr=0.00024, type='AdamW', weight_decay=0.01),
    paramwise_cfg=dict(
        custom_keys=dict(
            head=dict(lr_mult=10.0),
            norm=dict(decay_mult=0.0),
            pos_block=dict(decay_mult=0.0))),
    type='OptimWrapper')
optimizer = dict(lr=0.01, momentum=0.9, type='SGD', weight_decay=0.0005)
param_scheduler = [
    dict(
        begin=0, by_epoch=False, end=1500, start_factor=1e-06,
        type='LinearLR'),
    dict(
        begin=1500,
        by_epoch=False,
        end=160000,
        eta_min=0.0,
        power=1.0,
        type='PolyLR'),
]
resume = False
test_cfg = dict(type='TestLoop')
test_dataloader = dict(
    batch_size=4,
    dataset=dict(
        data_prefix=dict(img_path='img_dir/test', seg_map_path='ann_dir/test'),
        data_root='data/rescuenet/',
        pipeline=[
            dict(type='LoadImageFromFile'),
            dict(keep_ratio=False, scale=(
                1500,
                1125,
            ), type='Resize'),
            dict(type='LoadAnnotations'),
            dict(type='PackSegInputs'),
        ],
        type='RescueNetDataset'),
    num_workers=2,
    persistent_workers=False,
    sampler=dict(shuffle=False, type='DefaultSampler'))
test_evaluator = dict(
    compute_loss=True, iou_metrics=[
        'mIoU',
        'mFscore',
    ], type='IoUMetric')
test_pipeline = [
    dict(type='LoadImageFromFile'),
    dict(keep_ratio=False, scale=(
        1500,
        1125,
    ), type='Resize'),
    dict(type='LoadAnnotations'),
    dict(type='PackSegInputs'),
]
train_cfg = dict(max_iters=20000, type='IterBasedTrainLoop', val_interval=2000)
train_dataloader = dict(
    batch_size=16,
    dataset=dict(
        data_prefix=dict(
            img_path='img_dir/train', seg_map_path='ann_dir/train'),
        data_root='data/rescuenet/',
        pipeline=[
            dict(type='LoadImageFromFile'),
            dict(reduce_zero_label=True, type='LoadAnnotations'),
            dict(keep_ratio=False, scale=(
                1500,
                1125,
            ), type='Resize'),
            dict(
                cat_max_ratio=0.75, crop_size=(
                    512,
                    512,
                ), type='RandomCrop'),
            dict(prob=0.5, type='RandomFlip'),
            dict(type='PhotoMetricDistortion'),
            dict(type='PackSegInputs'),
        ],
        type='RescueNetDataset'),
    drop_last=True,
    num_workers=8,
    persistent_workers=True,
    pin_memory=True,
    prefetch_factor=4,
    sampler=dict(shuffle=True, type='InfiniteSampler'))
train_pipeline = [
    dict(type='LoadImageFromFile'),
    dict(reduce_zero_label=True, type='LoadAnnotations'),
    dict(keep_ratio=False, scale=(
        1500,
        1125,
    ), type='Resize'),
    dict(cat_max_ratio=0.75, crop_size=(
        512,
        512,
    ), type='RandomCrop'),
    dict(prob=0.5, type='RandomFlip'),
    dict(type='PhotoMetricDistortion'),
    dict(type='PackSegInputs'),
]
tta_model = dict(type='SegTTAModel')
tta_pipeline = [
    dict(backend_args=None, type='LoadImageFromFile'),
    dict(
        transforms=[
            [
                dict(keep_ratio=True, scale_factor=0.5, type='Resize'),
                dict(keep_ratio=True, scale_factor=0.75, type='Resize'),
                dict(keep_ratio=True, scale_factor=1.0, type='Resize'),
                dict(keep_ratio=True, scale_factor=1.25, type='Resize'),
                dict(keep_ratio=True, scale_factor=1.5, type='Resize'),
                dict(keep_ratio=True, scale_factor=1.75, type='Resize'),
            ],
            [
                dict(direction='horizontal', prob=0.0, type='RandomFlip'),
                dict(direction='horizontal', prob=1.0, type='RandomFlip'),
            ],
            [
                dict(type='LoadAnnotations'),
            ],
            [
                dict(type='PackSegInputs'),
            ],
        ],
        type='TestTimeAug'),
]
val_cfg = dict(type='ValLoop')
val_dataloader = dict(
    batch_size=4,
    dataset=dict(
        data_prefix=dict(img_path='img_dir/val', seg_map_path='ann_dir/val'),
        data_root='data/rescuenet/',
        pipeline=[
            dict(type='LoadImageFromFile'),
            dict(keep_ratio=False, scale=(
                1500,
                1125,
            ), type='Resize'),
            dict(type='LoadAnnotations'),
            dict(type='PackSegInputs'),
        ],
        type='RescueNetDataset'),
    num_workers=2,
    persistent_workers=True,
    sampler=dict(shuffle=False, type='DefaultSampler'))
val_evaluator = dict(
    compute_loss=True, iou_metrics=[
        'mIoU',
        'mFscore',
    ], type='IoUMetric')
vis_backends = []
visualizer = dict(
    name='visualizer', type='SegLocalVisualizer', vis_backends=[])
work_dir = 'work_dirs/RTX3090_segnext_mscan-groupshift-t_ablation_v2_var-d_shift3x3_relu'

/workspace/thefinalrace/mmseg/engine/hooks/visualization_hook.py:60: UserWarning: The draw is False, it means that the hook for visualization will not take effect. The results will NOT be visualized or stored.
  warnings.warn('The draw is False, it means that the '
/workspace/thefinalrace/mmseg/engine/hooks/visualization_hook.py:60: UserWarning: The draw is False, it means that the hook for visualization will not take effect. The results will NOT be visualized or stored.
  warnings.warn('The draw is False, it means that the '
/workspace/thefinalrace/mmseg/engine/hooks/visualization_hook.py:60: UserWarning: The draw is False, it means that the hook for visualization will not take effect. The results will NOT be visualized or stored.
  warnings.warn('The draw is False, it means that the '
04/17 11:23:09 - mmengine - INFO - Hooks will be executed in the following order:
before_run:
(VERY_HIGH   ) RuntimeInfoHook                    
(BELOW_NORMAL) LoggerHook                         
 -------------------- 
before_train:
(VERY_HIGH   ) RuntimeInfoHook                    
(NORMAL      ) IterTimerHook                      
(VERY_LOW    ) CheckpointHook                     
 -------------------- 
before_train_epoch:
(VERY_HIGH   ) RuntimeInfoHook                    
(NORMAL      ) IterTimerHook                      
(NORMAL      ) DistSamplerSeedHook                
 -------------------- 
before_train_iter:
(VERY_HIGH   ) RuntimeInfoHook                    
(NORMAL      ) IterTimerHook                      
 -------------------- 
after_train_iter:
(VERY_HIGH   ) RuntimeInfoHook                    
(NORMAL      ) IterTimerHook                      
(BELOW_NORMAL) LoggerHook                         
(LOW         ) ParamSchedulerHook                 
(VERY_LOW    ) CheckpointHook                     
 -------------------- 
after_train_epoch:
(NORMAL      ) IterTimerHook                      
(LOW         ) ParamSchedulerHook                 
(VERY_LOW    ) CheckpointHook                     
 -------------------- 
before_val:
(VERY_HIGH   ) RuntimeInfoHook                    
 -------------------- 
before_val_epoch:
(NORMAL      ) IterTimerHook                      
 -------------------- 
before_val_iter:
(NORMAL      ) IterTimerHook                      
 -------------------- 
after_val_iter:
(NORMAL      ) IterTimerHook                      
(NORMAL      ) SegVisualizationHook               
(BELOW_NORMAL) LoggerHook                         
 -------------------- 
after_val_epoch:
(VERY_HIGH   ) RuntimeInfoHook                    
(NORMAL      ) IterTimerHook                      
(BELOW_NORMAL) LoggerHook                         
(LOW         ) ParamSchedulerHook                 
(VERY_LOW    ) CheckpointHook                     
 -------------------- 
after_val:
(VERY_HIGH   ) RuntimeInfoHook                    
 -------------------- 
after_train:
(VERY_HIGH   ) RuntimeInfoHook                    
(VERY_LOW    ) CheckpointHook                     
 -------------------- 
before_test:
(VERY_HIGH   ) RuntimeInfoHook                    
 -------------------- 
before_test_epoch:
(NORMAL      ) IterTimerHook                      
 -------------------- 
before_test_iter:
(NORMAL      ) IterTimerHook                      
 -------------------- 
after_test_iter:
(NORMAL      ) IterTimerHook                      
(NORMAL      ) SegVisualizationHook               
(BELOW_NORMAL) LoggerHook                         
 -------------------- 
after_test_epoch:
(VERY_HIGH   ) RuntimeInfoHook                    
(NORMAL      ) IterTimerHook                      
(BELOW_NORMAL) LoggerHook                         
 -------------------- 
after_test:
(VERY_HIGH   ) RuntimeInfoHook                    
 -------------------- 
after_run:
(BELOW_NORMAL) LoggerHook                         
 -------------------- 
/workspace/thefinalrace/mmseg/engine/hooks/visualization_hook.py:60: UserWarning: The draw is False, it means that the hook for visualization will not take effect. The results will NOT be visualized or stored.
  warnings.warn('The draw is False, it means that the '
/workspace/thefinalrace/mmseg/datasets/transforms/loading.py:84: UserWarning: `reduce_zero_label` will be deprecated, if you would like to ignore the zero label, please set `reduce_zero_label=True` when dataset initialized
  warnings.warn('`reduce_zero_label` will be deprecated, '
/workspace/thefinalrace/mmseg/datasets/transforms/loading.py:84: UserWarning: `reduce_zero_label` will be deprecated, if you would like to ignore the zero label, please set `reduce_zero_label=True` when dataset initialized
  warnings.warn('`reduce_zero_label` will be deprecated, '
/workspace/thefinalrace/mmseg/datasets/transforms/loading.py:84: UserWarning: `reduce_zero_label` will be deprecated, if you would like to ignore the zero label, please set `reduce_zero_label=True` when dataset initialized
  warnings.warn('`reduce_zero_label` will be deprecated, '
/workspace/thefinalrace/mmseg/datasets/transforms/loading.py:84: UserWarning: `reduce_zero_label` will be deprecated, if you would like to ignore the zero label, please set `reduce_zero_label=True` when dataset initialized
  warnings.warn('`reduce_zero_label` will be deprecated, '
04/17 11:23:10 - mmengine - INFO - paramwise_options -- backbone.block1.0.norm1.weight:lr=0.00024
04/17 11:23:10 - mmengine - INFO - paramwise_options -- backbone.block1.0.norm1.weight:weight_decay=0.0
04/17 11:23:10 - mmengine - INFO - paramwise_options -- backbone.block1.0.norm1.weight:decay_mult=0.0
04/17 11:23:10 - mmengine - INFO - paramwise_options -- backbone.block1.0.norm1.bias:lr=0.00024
04/17 11:23:10 - mmengine - INFO - paramwise_options -- backbone.block1.0.norm1.bias:weight_decay=0.0
04/17 11:23:10 - mmengine - INFO - paramwise_options -- backbone.block1.0.norm1.bias:decay_mult=0.0
04/17 11:23:10 - mmengine - INFO - paramwise_options -- backbone.block1.0.attn.norm.weight:lr=0.00024
04/17 11:23:10 - mmengine - INFO - paramwise_options -- backbone.block1.0.attn.norm.weight:weight_decay=0.0
04/17 11:23:10 - mmengine - INFO - paramwise_options -- backbone.block1.0.attn.norm.weight:decay_mult=0.0
04/17 11:23:10 - mmengine - INFO - paramwise_options -- backbone.block1.0.attn.norm.bias:lr=0.00024
04/17 11:23:10 - mmengine - INFO - paramwise_options -- backbone.block1.0.attn.norm.bias:weight_decay=0.0
04/17 11:23:10 - mmengine - INFO - paramwise_options -- backbone.block1.0.attn.norm.bias:decay_mult=0.0
04/17 11:23:10 - mmengine - INFO - paramwise_options -- backbone.block1.0.norm2.weight:lr=0.00024
04/17 11:23:10 - mmengine - INFO - paramwise_options -- backbone.block1.0.norm2.weight:weight_decay=0.0
04/17 11:23:10 - mmengine - INFO - paramwise_options -- backbone.block1.0.norm2.weight:decay_mult=0.0
04/17 11:23:10 - mmengine - INFO - paramwise_options -- backbone.block1.0.norm2.bias:lr=0.00024
04/17 11:23:10 - mmengine - INFO - paramwise_options -- backbone.block1.0.norm2.bias:weight_decay=0.0
04/17 11:23:10 - mmengine - INFO - paramwise_options -- backbone.block1.0.norm2.bias:decay_mult=0.0
04/17 11:23:10 - mmengine - INFO - paramwise_options -- backbone.block1.1.norm1.weight:lr=0.00024
04/17 11:23:10 - mmengine - INFO - paramwise_options -- backbone.block1.1.norm1.weight:weight_decay=0.0
04/17 11:23:10 - mmengine - INFO - paramwise_options -- backbone.block1.1.norm1.weight:decay_mult=0.0
04/17 11:23:10 - mmengine - INFO - paramwise_options -- backbone.block1.1.norm1.bias:lr=0.00024
04/17 11:23:10 - mmengine - INFO - paramwise_options -- backbone.block1.1.norm1.bias:weight_decay=0.0
04/17 11:23:10 - mmengine - INFO - paramwise_options -- backbone.block1.1.norm1.bias:decay_mult=0.0
04/17 11:23:10 - mmengine - INFO - paramwise_options -- backbone.block1.1.attn.norm.weight:lr=0.00024
04/17 11:23:10 - mmengine - INFO - paramwise_options -- backbone.block1.1.attn.norm.weight:weight_decay=0.0
04/17 11:23:10 - mmengine - INFO - paramwise_options -- backbone.block1.1.attn.norm.weight:decay_mult=0.0
04/17 11:23:10 - mmengine - INFO - paramwise_options -- backbone.block1.1.attn.norm.bias:lr=0.00024
04/17 11:23:10 - mmengine - INFO - paramwise_options -- backbone.block1.1.attn.norm.bias:weight_decay=0.0
04/17 11:23:10 - mmengine - INFO - paramwise_options -- backbone.block1.1.attn.norm.bias:decay_mult=0.0
04/17 11:23:10 - mmengine - INFO - paramwise_options -- backbone.block1.1.norm2.weight:lr=0.00024
04/17 11:23:10 - mmengine - INFO - paramwise_options -- backbone.block1.1.norm2.weight:weight_decay=0.0
04/17 11:23:10 - mmengine - INFO - paramwise_options -- backbone.block1.1.norm2.weight:decay_mult=0.0
04/17 11:23:10 - mmengine - INFO - paramwise_options -- backbone.block1.1.norm2.bias:lr=0.00024
04/17 11:23:10 - mmengine - INFO - paramwise_options -- backbone.block1.1.norm2.bias:weight_decay=0.0
04/17 11:23:10 - mmengine - INFO - paramwise_options -- backbone.block1.1.norm2.bias:decay_mult=0.0
04/17 11:23:10 - mmengine - INFO - paramwise_options -- backbone.block1.2.norm1.weight:lr=0.00024
04/17 11:23:10 - mmengine - INFO - paramwise_options -- backbone.block1.2.norm1.weight:weight_decay=0.0
04/17 11:23:10 - mmengine - INFO - paramwise_options -- backbone.block1.2.norm1.weight:decay_mult=0.0
04/17 11:23:10 - mmengine - INFO - paramwise_options -- backbone.block1.2.norm1.bias:lr=0.00024
04/17 11:23:10 - mmengine - INFO - paramwise_options -- backbone.block1.2.norm1.bias:weight_decay=0.0
04/17 11:23:11 - mmengine - INFO - paramwise_options -- backbone.block1.2.norm1.bias:decay_mult=0.0
04/17 11:23:11 - mmengine - INFO - paramwise_options -- backbone.block1.2.attn.norm.weight:lr=0.00024
04/17 11:23:11 - mmengine - INFO - paramwise_options -- backbone.block1.2.attn.norm.weight:weight_decay=0.0
04/17 11:23:11 - mmengine - INFO - paramwise_options -- backbone.block1.2.attn.norm.weight:decay_mult=0.0
04/17 11:23:11 - mmengine - INFO - paramwise_options -- backbone.block1.2.attn.norm.bias:lr=0.00024
04/17 11:23:11 - mmengine - INFO - paramwise_options -- backbone.block1.2.attn.norm.bias:weight_decay=0.0
04/17 11:23:11 - mmengine - INFO - paramwise_options -- backbone.block1.2.attn.norm.bias:decay_mult=0.0
04/17 11:23:11 - mmengine - INFO - paramwise_options -- backbone.block1.2.norm2.weight:lr=0.00024
04/17 11:23:11 - mmengine - INFO - paramwise_options -- backbone.block1.2.norm2.weight:weight_decay=0.0
04/17 11:23:11 - mmengine - INFO - paramwise_options -- backbone.block1.2.norm2.weight:decay_mult=0.0
04/17 11:23:11 - mmengine - INFO - paramwise_options -- backbone.block1.2.norm2.bias:lr=0.00024
04/17 11:23:11 - mmengine - INFO - paramwise_options -- backbone.block1.2.norm2.bias:weight_decay=0.0
04/17 11:23:11 - mmengine - INFO - paramwise_options -- backbone.block1.2.norm2.bias:decay_mult=0.0
04/17 11:23:11 - mmengine - INFO - paramwise_options -- backbone.norm1.weight:lr=0.00024
04/17 11:23:11 - mmengine - INFO - paramwise_options -- backbone.norm1.weight:weight_decay=0.0
04/17 11:23:11 - mmengine - INFO - paramwise_options -- backbone.norm1.weight:decay_mult=0.0
04/17 11:23:11 - mmengine - INFO - paramwise_options -- backbone.norm1.bias:lr=0.00024
04/17 11:23:11 - mmengine - INFO - paramwise_options -- backbone.norm1.bias:weight_decay=0.0
04/17 11:23:11 - mmengine - INFO - paramwise_options -- backbone.norm1.bias:decay_mult=0.0
04/17 11:23:11 - mmengine - INFO - paramwise_options -- backbone.block2.0.norm1.weight:lr=0.00024
04/17 11:23:11 - mmengine - INFO - paramwise_options -- backbone.block2.0.norm1.weight:weight_decay=0.0
04/17 11:23:11 - mmengine - INFO - paramwise_options -- backbone.block2.0.norm1.weight:decay_mult=0.0
04/17 11:23:11 - mmengine - INFO - paramwise_options -- backbone.block2.0.norm1.bias:lr=0.00024
04/17 11:23:11 - mmengine - INFO - paramwise_options -- backbone.block2.0.norm1.bias:weight_decay=0.0
04/17 11:23:11 - mmengine - INFO - paramwise_options -- backbone.block2.0.norm1.bias:decay_mult=0.0
04/17 11:23:11 - mmengine - INFO - paramwise_options -- backbone.block2.0.attn.norm.weight:lr=0.00024
04/17 11:23:11 - mmengine - INFO - paramwise_options -- backbone.block2.0.attn.norm.weight:weight_decay=0.0
04/17 11:23:11 - mmengine - INFO - paramwise_options -- backbone.block2.0.attn.norm.weight:decay_mult=0.0
04/17 11:23:11 - mmengine - INFO - paramwise_options -- backbone.block2.0.attn.norm.bias:lr=0.00024
04/17 11:23:11 - mmengine - INFO - paramwise_options -- backbone.block2.0.attn.norm.bias:weight_decay=0.0
04/17 11:23:11 - mmengine - INFO - paramwise_options -- backbone.block2.0.attn.norm.bias:decay_mult=0.0
04/17 11:23:11 - mmengine - INFO - paramwise_options -- backbone.block2.0.norm2.weight:lr=0.00024
04/17 11:23:11 - mmengine - INFO - paramwise_options -- backbone.block2.0.norm2.weight:weight_decay=0.0
04/17 11:23:11 - mmengine - INFO - paramwise_options -- backbone.block2.0.norm2.weight:decay_mult=0.0
04/17 11:23:11 - mmengine - INFO - paramwise_options -- backbone.block2.0.norm2.bias:lr=0.00024
04/17 11:23:11 - mmengine - INFO - paramwise_options -- backbone.block2.0.norm2.bias:weight_decay=0.0
04/17 11:23:11 - mmengine - INFO - paramwise_options -- backbone.block2.0.norm2.bias:decay_mult=0.0
04/17 11:23:11 - mmengine - INFO - paramwise_options -- backbone.block2.1.norm1.weight:lr=0.00024
04/17 11:23:11 - mmengine - INFO - paramwise_options -- backbone.block2.1.norm1.weight:weight_decay=0.0
04/17 11:23:11 - mmengine - INFO - paramwise_options -- backbone.block2.1.norm1.weight:decay_mult=0.0
04/17 11:23:11 - mmengine - INFO - paramwise_options -- backbone.block2.1.norm1.bias:lr=0.00024
04/17 11:23:11 - mmengine - INFO - paramwise_options -- backbone.block2.1.norm1.bias:weight_decay=0.0
04/17 11:23:11 - mmengine - INFO - paramwise_options -- backbone.block2.1.norm1.bias:decay_mult=0.0
04/17 11:23:11 - mmengine - INFO - paramwise_options -- backbone.block2.1.attn.norm.weight:lr=0.00024
04/17 11:23:11 - mmengine - INFO - paramwise_options -- backbone.block2.1.attn.norm.weight:weight_decay=0.0
04/17 11:23:11 - mmengine - INFO - paramwise_options -- backbone.block2.1.attn.norm.weight:decay_mult=0.0
04/17 11:23:11 - mmengine - INFO - paramwise_options -- backbone.block2.1.attn.norm.bias:lr=0.00024
04/17 11:23:11 - mmengine - INFO - paramwise_options -- backbone.block2.1.attn.norm.bias:weight_decay=0.0
04/17 11:23:11 - mmengine - INFO - paramwise_options -- backbone.block2.1.attn.norm.bias:decay_mult=0.0
04/17 11:23:11 - mmengine - INFO - paramwise_options -- backbone.block2.1.norm2.weight:lr=0.00024
04/17 11:23:11 - mmengine - INFO - paramwise_options -- backbone.block2.1.norm2.weight:weight_decay=0.0
04/17 11:23:11 - mmengine - INFO - paramwise_options -- backbone.block2.1.norm2.weight:decay_mult=0.0
04/17 11:23:11 - mmengine - INFO - paramwise_options -- backbone.block2.1.norm2.bias:lr=0.00024
04/17 11:23:11 - mmengine - INFO - paramwise_options -- backbone.block2.1.norm2.bias:weight_decay=0.0
04/17 11:23:11 - mmengine - INFO - paramwise_options -- backbone.block2.1.norm2.bias:decay_mult=0.0
04/17 11:23:11 - mmengine - INFO - paramwise_options -- backbone.block2.2.norm1.weight:lr=0.00024
04/17 11:23:11 - mmengine - INFO - paramwise_options -- backbone.block2.2.norm1.weight:weight_decay=0.0
04/17 11:23:11 - mmengine - INFO - paramwise_options -- backbone.block2.2.norm1.weight:decay_mult=0.0
04/17 11:23:11 - mmengine - INFO - paramwise_options -- backbone.block2.2.norm1.bias:lr=0.00024
04/17 11:23:11 - mmengine - INFO - paramwise_options -- backbone.block2.2.norm1.bias:weight_decay=0.0
04/17 11:23:11 - mmengine - INFO - paramwise_options -- backbone.block2.2.norm1.bias:decay_mult=0.0
04/17 11:23:11 - mmengine - INFO - paramwise_options -- backbone.block2.2.attn.norm.weight:lr=0.00024
04/17 11:23:11 - mmengine - INFO - paramwise_options -- backbone.block2.2.attn.norm.weight:weight_decay=0.0
04/17 11:23:11 - mmengine - INFO - paramwise_options -- backbone.block2.2.attn.norm.weight:decay_mult=0.0
04/17 11:23:11 - mmengine - INFO - paramwise_options -- backbone.block2.2.attn.norm.bias:lr=0.00024
04/17 11:23:11 - mmengine - INFO - paramwise_options -- backbone.block2.2.attn.norm.bias:weight_decay=0.0
04/17 11:23:11 - mmengine - INFO - paramwise_options -- backbone.block2.2.attn.norm.bias:decay_mult=0.0
04/17 11:23:11 - mmengine - INFO - paramwise_options -- backbone.block2.2.norm2.weight:lr=0.00024
04/17 11:23:11 - mmengine - INFO - paramwise_options -- backbone.block2.2.norm2.weight:weight_decay=0.0
04/17 11:23:11 - mmengine - INFO - paramwise_options -- backbone.block2.2.norm2.weight:decay_mult=0.0
04/17 11:23:11 - mmengine - INFO - paramwise_options -- backbone.block2.2.norm2.bias:lr=0.00024
04/17 11:23:11 - mmengine - INFO - paramwise_options -- backbone.block2.2.norm2.bias:weight_decay=0.0
04/17 11:23:11 - mmengine - INFO - paramwise_options -- backbone.block2.2.norm2.bias:decay_mult=0.0
04/17 11:23:11 - mmengine - INFO - paramwise_options -- backbone.norm2.weight:lr=0.00024
04/17 11:23:11 - mmengine - INFO - paramwise_options -- backbone.norm2.weight:weight_decay=0.0
04/17 11:23:11 - mmengine - INFO - paramwise_options -- backbone.norm2.weight:decay_mult=0.0
04/17 11:23:11 - mmengine - INFO - paramwise_options -- backbone.norm2.bias:lr=0.00024
04/17 11:23:11 - mmengine - INFO - paramwise_options -- backbone.norm2.bias:weight_decay=0.0
04/17 11:23:11 - mmengine - INFO - paramwise_options -- backbone.norm2.bias:decay_mult=0.0
04/17 11:23:11 - mmengine - INFO - paramwise_options -- backbone.block3.0.norm1.weight:lr=0.00024
04/17 11:23:11 - mmengine - INFO - paramwise_options -- backbone.block3.0.norm1.weight:weight_decay=0.0
04/17 11:23:11 - mmengine - INFO - paramwise_options -- backbone.block3.0.norm1.weight:decay_mult=0.0
04/17 11:23:11 - mmengine - INFO - paramwise_options -- backbone.block3.0.norm1.bias:lr=0.00024
04/17 11:23:11 - mmengine - INFO - paramwise_options -- backbone.block3.0.norm1.bias:weight_decay=0.0
04/17 11:23:11 - mmengine - INFO - paramwise_options -- backbone.block3.0.norm1.bias:decay_mult=0.0
04/17 11:23:11 - mmengine - INFO - paramwise_options -- backbone.block3.0.attn.norm.weight:lr=0.00024
04/17 11:23:11 - mmengine - INFO - paramwise_options -- backbone.block3.0.attn.norm.weight:weight_decay=0.0
04/17 11:23:11 - mmengine - INFO - paramwise_options -- backbone.block3.0.attn.norm.weight:decay_mult=0.0
04/17 11:23:11 - mmengine - INFO - paramwise_options -- backbone.block3.0.attn.norm.bias:lr=0.00024
04/17 11:23:11 - mmengine - INFO - paramwise_options -- backbone.block3.0.attn.norm.bias:weight_decay=0.0
04/17 11:23:11 - mmengine - INFO - paramwise_options -- backbone.block3.0.attn.norm.bias:decay_mult=0.0
04/17 11:23:11 - mmengine - INFO - paramwise_options -- backbone.block3.0.norm2.weight:lr=0.00024
04/17 11:23:11 - mmengine - INFO - paramwise_options -- backbone.block3.0.norm2.weight:weight_decay=0.0
04/17 11:23:11 - mmengine - INFO - paramwise_options -- backbone.block3.0.norm2.weight:decay_mult=0.0
04/17 11:23:11 - mmengine - INFO - paramwise_options -- backbone.block3.0.norm2.bias:lr=0.00024
04/17 11:23:11 - mmengine - INFO - paramwise_options -- backbone.block3.0.norm2.bias:weight_decay=0.0
04/17 11:23:11 - mmengine - INFO - paramwise_options -- backbone.block3.0.norm2.bias:decay_mult=0.0
04/17 11:23:11 - mmengine - INFO - paramwise_options -- backbone.block3.1.norm1.weight:lr=0.00024
04/17 11:23:11 - mmengine - INFO - paramwise_options -- backbone.block3.1.norm1.weight:weight_decay=0.0
04/17 11:23:11 - mmengine - INFO - paramwise_options -- backbone.block3.1.norm1.weight:decay_mult=0.0
04/17 11:23:11 - mmengine - INFO - paramwise_options -- backbone.block3.1.norm1.bias:lr=0.00024
04/17 11:23:11 - mmengine - INFO - paramwise_options -- backbone.block3.1.norm1.bias:weight_decay=0.0
04/17 11:23:11 - mmengine - INFO - paramwise_options -- backbone.block3.1.norm1.bias:decay_mult=0.0
04/17 11:23:11 - mmengine - INFO - paramwise_options -- backbone.block3.1.attn.norm.weight:lr=0.00024
04/17 11:23:11 - mmengine - INFO - paramwise_options -- backbone.block3.1.attn.norm.weight:weight_decay=0.0
04/17 11:23:11 - mmengine - INFO - paramwise_options -- backbone.block3.1.attn.norm.weight:decay_mult=0.0
04/17 11:23:11 - mmengine - INFO - paramwise_options -- backbone.block3.1.attn.norm.bias:lr=0.00024
04/17 11:23:11 - mmengine - INFO - paramwise_options -- backbone.block3.1.attn.norm.bias:weight_decay=0.0
04/17 11:23:11 - mmengine - INFO - paramwise_options -- backbone.block3.1.attn.norm.bias:decay_mult=0.0
04/17 11:23:11 - mmengine - INFO - paramwise_options -- backbone.block3.1.norm2.weight:lr=0.00024
04/17 11:23:11 - mmengine - INFO - paramwise_options -- backbone.block3.1.norm2.weight:weight_decay=0.0
04/17 11:23:11 - mmengine - INFO - paramwise_options -- backbone.block3.1.norm2.weight:decay_mult=0.0
04/17 11:23:11 - mmengine - INFO - paramwise_options -- backbone.block3.1.norm2.bias:lr=0.00024
04/17 11:23:11 - mmengine - INFO - paramwise_options -- backbone.block3.1.norm2.bias:weight_decay=0.0
04/17 11:23:11 - mmengine - INFO - paramwise_options -- backbone.block3.1.norm2.bias:decay_mult=0.0
04/17 11:23:11 - mmengine - INFO - paramwise_options -- backbone.block3.2.norm1.weight:lr=0.00024
04/17 11:23:11 - mmengine - INFO - paramwise_options -- backbone.block3.2.norm1.weight:weight_decay=0.0
04/17 11:23:11 - mmengine - INFO - paramwise_options -- backbone.block3.2.norm1.weight:decay_mult=0.0
04/17 11:23:11 - mmengine - INFO - paramwise_options -- backbone.block3.2.norm1.bias:lr=0.00024
04/17 11:23:11 - mmengine - INFO - paramwise_options -- backbone.block3.2.norm1.bias:weight_decay=0.0
04/17 11:23:11 - mmengine - INFO - paramwise_options -- backbone.block3.2.norm1.bias:decay_mult=0.0
04/17 11:23:11 - mmengine - INFO - paramwise_options -- backbone.block3.2.attn.norm.weight:lr=0.00024
04/17 11:23:11 - mmengine - INFO - paramwise_options -- backbone.block3.2.attn.norm.weight:weight_decay=0.0
04/17 11:23:11 - mmengine - INFO - paramwise_options -- backbone.block3.2.attn.norm.weight:decay_mult=0.0
04/17 11:23:11 - mmengine - INFO - paramwise_options -- backbone.block3.2.attn.norm.bias:lr=0.00024
04/17 11:23:11 - mmengine - INFO - paramwise_options -- backbone.block3.2.attn.norm.bias:weight_decay=0.0
04/17 11:23:11 - mmengine - INFO - paramwise_options -- backbone.block3.2.attn.norm.bias:decay_mult=0.0
04/17 11:23:11 - mmengine - INFO - paramwise_options -- backbone.block3.2.norm2.weight:lr=0.00024
04/17 11:23:11 - mmengine - INFO - paramwise_options -- backbone.block3.2.norm2.weight:weight_decay=0.0
04/17 11:23:11 - mmengine - INFO - paramwise_options -- backbone.block3.2.norm2.weight:decay_mult=0.0
04/17 11:23:11 - mmengine - INFO - paramwise_options -- backbone.block3.2.norm2.bias:lr=0.00024
04/17 11:23:11 - mmengine - INFO - paramwise_options -- backbone.block3.2.norm2.bias:weight_decay=0.0
04/17 11:23:11 - mmengine - INFO - paramwise_options -- backbone.block3.2.norm2.bias:decay_mult=0.0
04/17 11:23:11 - mmengine - INFO - paramwise_options -- backbone.block3.3.norm1.weight:lr=0.00024
04/17 11:23:11 - mmengine - INFO - paramwise_options -- backbone.block3.3.norm1.weight:weight_decay=0.0
04/17 11:23:11 - mmengine - INFO - paramwise_options -- backbone.block3.3.norm1.weight:decay_mult=0.0
04/17 11:23:11 - mmengine - INFO - paramwise_options -- backbone.block3.3.norm1.bias:lr=0.00024
04/17 11:23:11 - mmengine - INFO - paramwise_options -- backbone.block3.3.norm1.bias:weight_decay=0.0
04/17 11:23:11 - mmengine - INFO - paramwise_options -- backbone.block3.3.norm1.bias:decay_mult=0.0
04/17 11:23:11 - mmengine - INFO - paramwise_options -- backbone.block3.3.attn.norm.weight:lr=0.00024
04/17 11:23:11 - mmengine - INFO - paramwise_options -- backbone.block3.3.attn.norm.weight:weight_decay=0.0
04/17 11:23:11 - mmengine - INFO - paramwise_options -- backbone.block3.3.attn.norm.weight:decay_mult=0.0
04/17 11:23:11 - mmengine - INFO - paramwise_options -- backbone.block3.3.attn.norm.bias:lr=0.00024
04/17 11:23:11 - mmengine - INFO - paramwise_options -- backbone.block3.3.attn.norm.bias:weight_decay=0.0
04/17 11:23:11 - mmengine - INFO - paramwise_options -- backbone.block3.3.attn.norm.bias:decay_mult=0.0
04/17 11:23:11 - mmengine - INFO - paramwise_options -- backbone.block3.3.norm2.weight:lr=0.00024
04/17 11:23:11 - mmengine - INFO - paramwise_options -- backbone.block3.3.norm2.weight:weight_decay=0.0
04/17 11:23:11 - mmengine - INFO - paramwise_options -- backbone.block3.3.norm2.weight:decay_mult=0.0
04/17 11:23:11 - mmengine - INFO - paramwise_options -- backbone.block3.3.norm2.bias:lr=0.00024
04/17 11:23:11 - mmengine - INFO - paramwise_options -- backbone.block3.3.norm2.bias:weight_decay=0.0
04/17 11:23:11 - mmengine - INFO - paramwise_options -- backbone.block3.3.norm2.bias:decay_mult=0.0
04/17 11:23:11 - mmengine - INFO - paramwise_options -- backbone.block3.4.norm1.weight:lr=0.00024
04/17 11:23:11 - mmengine - INFO - paramwise_options -- backbone.block3.4.norm1.weight:weight_decay=0.0
04/17 11:23:11 - mmengine - INFO - paramwise_options -- backbone.block3.4.norm1.weight:decay_mult=0.0
04/17 11:23:11 - mmengine - INFO - paramwise_options -- backbone.block3.4.norm1.bias:lr=0.00024
04/17 11:23:11 - mmengine - INFO - paramwise_options -- backbone.block3.4.norm1.bias:weight_decay=0.0
04/17 11:23:11 - mmengine - INFO - paramwise_options -- backbone.block3.4.norm1.bias:decay_mult=0.0
04/17 11:23:11 - mmengine - INFO - paramwise_options -- backbone.block3.4.attn.norm.weight:lr=0.00024
04/17 11:23:11 - mmengine - INFO - paramwise_options -- backbone.block3.4.attn.norm.weight:weight_decay=0.0
04/17 11:23:11 - mmengine - INFO - paramwise_options -- backbone.block3.4.attn.norm.weight:decay_mult=0.0
04/17 11:23:11 - mmengine - INFO - paramwise_options -- backbone.block3.4.attn.norm.bias:lr=0.00024
04/17 11:23:11 - mmengine - INFO - paramwise_options -- backbone.block3.4.attn.norm.bias:weight_decay=0.0
04/17 11:23:11 - mmengine - INFO - paramwise_options -- backbone.block3.4.attn.norm.bias:decay_mult=0.0
04/17 11:23:11 - mmengine - INFO - paramwise_options -- backbone.block3.4.norm2.weight:lr=0.00024
04/17 11:23:11 - mmengine - INFO - paramwise_options -- backbone.block3.4.norm2.weight:weight_decay=0.0
04/17 11:23:11 - mmengine - INFO - paramwise_options -- backbone.block3.4.norm2.weight:decay_mult=0.0
04/17 11:23:11 - mmengine - INFO - paramwise_options -- backbone.block3.4.norm2.bias:lr=0.00024
04/17 11:23:11 - mmengine - INFO - paramwise_options -- backbone.block3.4.norm2.bias:weight_decay=0.0
04/17 11:23:11 - mmengine - INFO - paramwise_options -- backbone.block3.4.norm2.bias:decay_mult=0.0
04/17 11:23:11 - mmengine - INFO - paramwise_options -- backbone.norm3.weight:lr=0.00024
04/17 11:23:11 - mmengine - INFO - paramwise_options -- backbone.norm3.weight:weight_decay=0.0
04/17 11:23:11 - mmengine - INFO - paramwise_options -- backbone.norm3.weight:decay_mult=0.0
04/17 11:23:11 - mmengine - INFO - paramwise_options -- backbone.norm3.bias:lr=0.00024
04/17 11:23:11 - mmengine - INFO - paramwise_options -- backbone.norm3.bias:weight_decay=0.0
04/17 11:23:11 - mmengine - INFO - paramwise_options -- backbone.norm3.bias:decay_mult=0.0
04/17 11:23:11 - mmengine - INFO - paramwise_options -- backbone.block4.0.norm1.weight:lr=0.00024
04/17 11:23:11 - mmengine - INFO - paramwise_options -- backbone.block4.0.norm1.weight:weight_decay=0.0
04/17 11:23:11 - mmengine - INFO - paramwise_options -- backbone.block4.0.norm1.weight:decay_mult=0.0
04/17 11:23:11 - mmengine - INFO - paramwise_options -- backbone.block4.0.norm1.bias:lr=0.00024
04/17 11:23:11 - mmengine - INFO - paramwise_options -- backbone.block4.0.norm1.bias:weight_decay=0.0
04/17 11:23:11 - mmengine - INFO - paramwise_options -- backbone.block4.0.norm1.bias:decay_mult=0.0
04/17 11:23:11 - mmengine - INFO - paramwise_options -- backbone.block4.0.attn.norm.weight:lr=0.00024
04/17 11:23:11 - mmengine - INFO - paramwise_options -- backbone.block4.0.attn.norm.weight:weight_decay=0.0
04/17 11:23:11 - mmengine - INFO - paramwise_options -- backbone.block4.0.attn.norm.weight:decay_mult=0.0
04/17 11:23:11 - mmengine - INFO - paramwise_options -- backbone.block4.0.attn.norm.bias:lr=0.00024
04/17 11:23:11 - mmengine - INFO - paramwise_options -- backbone.block4.0.attn.norm.bias:weight_decay=0.0
04/17 11:23:11 - mmengine - INFO - paramwise_options -- backbone.block4.0.attn.norm.bias:decay_mult=0.0
04/17 11:23:11 - mmengine - INFO - paramwise_options -- backbone.block4.0.norm2.weight:lr=0.00024
04/17 11:23:11 - mmengine - INFO - paramwise_options -- backbone.block4.0.norm2.weight:weight_decay=0.0
04/17 11:23:11 - mmengine - INFO - paramwise_options -- backbone.block4.0.norm2.weight:decay_mult=0.0
04/17 11:23:11 - mmengine - INFO - paramwise_options -- backbone.block4.0.norm2.bias:lr=0.00024
04/17 11:23:11 - mmengine - INFO - paramwise_options -- backbone.block4.0.norm2.bias:weight_decay=0.0
04/17 11:23:11 - mmengine - INFO - paramwise_options -- backbone.block4.0.norm2.bias:decay_mult=0.0
04/17 11:23:11 - mmengine - INFO - paramwise_options -- backbone.block4.1.norm1.weight:lr=0.00024
04/17 11:23:11 - mmengine - INFO - paramwise_options -- backbone.block4.1.norm1.weight:weight_decay=0.0
04/17 11:23:11 - mmengine - INFO - paramwise_options -- backbone.block4.1.norm1.weight:decay_mult=0.0
04/17 11:23:11 - mmengine - INFO - paramwise_options -- backbone.block4.1.norm1.bias:lr=0.00024
04/17 11:23:11 - mmengine - INFO - paramwise_options -- backbone.block4.1.norm1.bias:weight_decay=0.0
04/17 11:23:11 - mmengine - INFO - paramwise_options -- backbone.block4.1.norm1.bias:decay_mult=0.0
04/17 11:23:11 - mmengine - INFO - paramwise_options -- backbone.block4.1.attn.norm.weight:lr=0.00024
04/17 11:23:11 - mmengine - INFO - paramwise_options -- backbone.block4.1.attn.norm.weight:weight_decay=0.0
04/17 11:23:11 - mmengine - INFO - paramwise_options -- backbone.block4.1.attn.norm.weight:decay_mult=0.0
04/17 11:23:11 - mmengine - INFO - paramwise_options -- backbone.block4.1.attn.norm.bias:lr=0.00024
04/17 11:23:11 - mmengine - INFO - paramwise_options -- backbone.block4.1.attn.norm.bias:weight_decay=0.0
04/17 11:23:11 - mmengine - INFO - paramwise_options -- backbone.block4.1.attn.norm.bias:decay_mult=0.0
04/17 11:23:11 - mmengine - INFO - paramwise_options -- backbone.block4.1.norm2.weight:lr=0.00024
04/17 11:23:11 - mmengine - INFO - paramwise_options -- backbone.block4.1.norm2.weight:weight_decay=0.0
04/17 11:23:11 - mmengine - INFO - paramwise_options -- backbone.block4.1.norm2.weight:decay_mult=0.0
04/17 11:23:11 - mmengine - INFO - paramwise_options -- backbone.block4.1.norm2.bias:lr=0.00024
04/17 11:23:11 - mmengine - INFO - paramwise_options -- backbone.block4.1.norm2.bias:weight_decay=0.0
04/17 11:23:11 - mmengine - INFO - paramwise_options -- backbone.block4.1.norm2.bias:decay_mult=0.0
04/17 11:23:11 - mmengine - INFO - paramwise_options -- backbone.norm4.weight:lr=0.00024
04/17 11:23:11 - mmengine - INFO - paramwise_options -- backbone.norm4.weight:weight_decay=0.0
04/17 11:23:11 - mmengine - INFO - paramwise_options -- backbone.norm4.weight:decay_mult=0.0
04/17 11:23:11 - mmengine - INFO - paramwise_options -- backbone.norm4.bias:lr=0.00024
04/17 11:23:11 - mmengine - INFO - paramwise_options -- backbone.norm4.bias:weight_decay=0.0
04/17 11:23:11 - mmengine - INFO - paramwise_options -- backbone.norm4.bias:decay_mult=0.0
04/17 11:23:11 - mmengine - INFO - paramwise_options -- decode_head.conv_seg.weight:lr=0.0024000000000000002
04/17 11:23:11 - mmengine - INFO - paramwise_options -- decode_head.conv_seg.weight:weight_decay=0.01
04/17 11:23:11 - mmengine - INFO - paramwise_options -- decode_head.conv_seg.weight:lr_mult=10.0
04/17 11:23:11 - mmengine - INFO - paramwise_options -- decode_head.conv_seg.bias:lr=0.0024000000000000002
04/17 11:23:11 - mmengine - INFO - paramwise_options -- decode_head.conv_seg.bias:weight_decay=0.01
04/17 11:23:11 - mmengine - INFO - paramwise_options -- decode_head.conv_seg.bias:lr_mult=10.0
04/17 11:23:11 - mmengine - INFO - paramwise_options -- decode_head.squeeze.conv.weight:lr=0.0024000000000000002
04/17 11:23:11 - mmengine - INFO - paramwise_options -- decode_head.squeeze.conv.weight:weight_decay=0.01
04/17 11:23:11 - mmengine - INFO - paramwise_options -- decode_head.squeeze.conv.weight:lr_mult=10.0
04/17 11:23:11 - mmengine - INFO - paramwise_options -- decode_head.squeeze.gn.weight:lr=0.0024000000000000002
04/17 11:23:11 - mmengine - INFO - paramwise_options -- decode_head.squeeze.gn.weight:weight_decay=0.01
04/17 11:23:11 - mmengine - INFO - paramwise_options -- decode_head.squeeze.gn.weight:lr_mult=10.0
04/17 11:23:11 - mmengine - INFO - paramwise_options -- decode_head.squeeze.gn.bias:lr=0.0024000000000000002
04/17 11:23:11 - mmengine - INFO - paramwise_options -- decode_head.squeeze.gn.bias:weight_decay=0.01
04/17 11:23:11 - mmengine - INFO - paramwise_options -- decode_head.squeeze.gn.bias:lr_mult=10.0
04/17 11:23:11 - mmengine - INFO - paramwise_options -- decode_head.hamburger.ham_in.conv.weight:lr=0.0024000000000000002
04/17 11:23:11 - mmengine - INFO - paramwise_options -- decode_head.hamburger.ham_in.conv.weight:weight_decay=0.01
04/17 11:23:11 - mmengine - INFO - paramwise_options -- decode_head.hamburger.ham_in.conv.weight:lr_mult=10.0
04/17 11:23:11 - mmengine - INFO - paramwise_options -- decode_head.hamburger.ham_in.conv.bias:lr=0.0024000000000000002
04/17 11:23:11 - mmengine - INFO - paramwise_options -- decode_head.hamburger.ham_in.conv.bias:weight_decay=0.01
04/17 11:23:11 - mmengine - INFO - paramwise_options -- decode_head.hamburger.ham_in.conv.bias:lr_mult=10.0
04/17 11:23:11 - mmengine - INFO - paramwise_options -- decode_head.hamburger.ham_out.conv.weight:lr=0.0024000000000000002
04/17 11:23:11 - mmengine - INFO - paramwise_options -- decode_head.hamburger.ham_out.conv.weight:weight_decay=0.01
04/17 11:23:11 - mmengine - INFO - paramwise_options -- decode_head.hamburger.ham_out.conv.weight:lr_mult=10.0
04/17 11:23:11 - mmengine - INFO - paramwise_options -- decode_head.hamburger.ham_out.gn.weight:lr=0.0024000000000000002
04/17 11:23:11 - mmengine - INFO - paramwise_options -- decode_head.hamburger.ham_out.gn.weight:weight_decay=0.01
04/17 11:23:11 - mmengine - INFO - paramwise_options -- decode_head.hamburger.ham_out.gn.weight:lr_mult=10.0
04/17 11:23:11 - mmengine - INFO - paramwise_options -- decode_head.hamburger.ham_out.gn.bias:lr=0.0024000000000000002
04/17 11:23:11 - mmengine - INFO - paramwise_options -- decode_head.hamburger.ham_out.gn.bias:weight_decay=0.01
04/17 11:23:11 - mmengine - INFO - paramwise_options -- decode_head.hamburger.ham_out.gn.bias:lr_mult=10.0
04/17 11:23:11 - mmengine - INFO - paramwise_options -- decode_head.align.conv.weight:lr=0.0024000000000000002
04/17 11:23:11 - mmengine - INFO - paramwise_options -- decode_head.align.conv.weight:weight_decay=0.01
04/17 11:23:11 - mmengine - INFO - paramwise_options -- decode_head.align.conv.weight:lr_mult=10.0
04/17 11:23:11 - mmengine - INFO - paramwise_options -- decode_head.align.gn.weight:lr=0.0024000000000000002
04/17 11:23:11 - mmengine - INFO - paramwise_options -- decode_head.align.gn.weight:weight_decay=0.01
04/17 11:23:11 - mmengine - INFO - paramwise_options -- decode_head.align.gn.weight:lr_mult=10.0
04/17 11:23:11 - mmengine - INFO - paramwise_options -- decode_head.align.gn.bias:lr=0.0024000000000000002
04/17 11:23:11 - mmengine - INFO - paramwise_options -- decode_head.align.gn.bias:weight_decay=0.01
04/17 11:23:11 - mmengine - INFO - paramwise_options -- decode_head.align.gn.bias:lr_mult=10.0
04/17 11:23:11 - mmengine - WARNING - The prefix is not set in metric class IoUMetric.
04/17 11:23:12 - mmengine - WARNING - "FileClient" will be deprecated in future. Please use io functions in https://mmengine.readthedocs.io/en/latest/api/fileio.html#file-io
04/17 11:23:12 - mmengine - WARNING - "HardDiskBackend" is the alias of "LocalBackend" and the former will be deprecated in future.
04/17 11:23:12 - mmengine - INFO - Checkpoints will be saved to /workspace/thefinalrace/work_dirs/RTX3090_segnext_mscan-groupshift-t_ablation_v2_var-d_shift3x3_relu.
04/17 11:24:04 - mmengine - INFO - Iter(train) [   50/20000]  base_lr: 7.8455e-06 lr: 7.8455e-06  eta: 5:47:14  time: 0.9429  data_time: 0.3012  memory: 4108  loss: 2.1746  decode.loss_ce: 2.1746  decode.acc_seg: 30.8817
04/17 11:24:48 - mmengine - INFO - Iter(train) [  100/20000]  base_lr: 1.5851e-05 lr: 1.5851e-05  eta: 5:18:03  time: 0.7084  data_time: 0.3073  memory: 3797  loss: 1.8314  decode.loss_ce: 1.8314  decode.acc_seg: 30.8621
04/17 11:25:28 - mmengine - INFO - Iter(train) [  150/20000]  base_lr: 2.3856e-05 lr: 2.3856e-05  eta: 4:58:54  time: 0.7535  data_time: 0.3613  memory: 3797  loss: 1.4959  decode.loss_ce: 1.4959  decode.acc_seg: 57.2258
04/17 11:26:08 - mmengine - INFO - Iter(train) [  200/20000]  base_lr: 3.1861e-05 lr: 3.1861e-05  eta: 4:49:54  time: 0.7403  data_time: 0.1870  memory: 3797  loss: 1.3004  decode.loss_ce: 1.3004  decode.acc_seg: 63.4646
04/17 11:26:27 - mmengine - INFO - Exp name: RTX3090_segnext_mscan-groupshift-t_ablation_v2_var-d_shift3x3_relu_20250417_112304
04/17 11:26:49 - mmengine - INFO - Iter(train) [  250/20000]  base_lr: 3.9867e-05 lr: 3.9867e-05  eta: 4:45:27  time: 0.8919  data_time: 0.3528  memory: 3797  loss: 1.2433  decode.loss_ce: 1.2433  decode.acc_seg: 62.9586
04/17 11:27:34 - mmengine - INFO - Iter(train) [  300/20000]  base_lr: 4.7872e-05 lr: 4.7872e-05  eta: 4:46:47  time: 1.1340  data_time: 0.1467  memory: 3797  loss: 1.1054  decode.loss_ce: 1.1054  decode.acc_seg: 48.0988
04/17 11:28:36 - mmengine - INFO - Iter(train) [  350/20000]  base_lr: 5.5877e-05 lr: 5.5877e-05  eta: 5:03:26  time: 1.1470  data_time: 0.4868  memory: 3797  loss: 1.2582  decode.loss_ce: 1.2582  decode.acc_seg: 54.9509
04/17 11:29:33 - mmengine - INFO - Iter(train) [  400/20000]  base_lr: 6.3883e-05 lr: 6.3883e-05  eta: 5:10:50  time: 1.0217  data_time: 0.5431  memory: 3797  loss: 1.2145  decode.loss_ce: 1.2145  decode.acc_seg: 68.2635
04/17 11:30:28 - mmengine - INFO - Iter(train) [  450/20000]  base_lr: 7.1888e-05 lr: 7.1888e-05  eta: 5:15:53  time: 1.2386  data_time: 0.8267  memory: 3797  loss: 1.0864  decode.loss_ce: 1.0864  decode.acc_seg: 66.3364
04/17 11:31:12 - mmengine - INFO - Iter(train) [  500/20000]  base_lr: 7.9893e-05 lr: 7.9893e-05  eta: 5:11:52  time: 0.6456  data_time: 0.2739  memory: 3797  loss: 1.0464  decode.loss_ce: 1.0464  decode.acc_seg: 54.0689
04/17 11:31:51 - mmengine - INFO - Iter(train) [  550/20000]  base_lr: 8.7899e-05 lr: 8.7899e-05  eta: 5:06:06  time: 0.7134  data_time: 0.2988  memory: 3797  loss: 1.1824  decode.loss_ce: 1.1824  decode.acc_seg: 64.1802
04/17 11:32:31 - mmengine - INFO - Iter(train) [  600/20000]  base_lr: 9.5904e-05 lr: 9.5904e-05  eta: 5:01:12  time: 0.7349  data_time: 0.1872  memory: 3797  loss: 1.0577  decode.loss_ce: 1.0577  decode.acc_seg: 59.9369
04/17 11:33:12 - mmengine - INFO - Iter(train) [  650/20000]  base_lr: 1.0391e-04 lr: 1.0391e-04  eta: 4:57:46  time: 0.8970  data_time: 0.1834  memory: 3797  loss: 1.0605  decode.loss_ce: 1.0605  decode.acc_seg: 73.4694
04/17 11:33:59 - mmengine - INFO - Iter(train) [  700/20000]  base_lr: 1.1191e-04 lr: 1.1191e-04  eta: 4:57:13  time: 0.7941  data_time: 0.4006  memory: 3797  loss: 1.0456  decode.loss_ce: 1.0456  decode.acc_seg: 54.2603
04/17 11:34:43 - mmengine - INFO - Iter(train) [  750/20000]  base_lr: 1.1992e-04 lr: 1.1992e-04  eta: 4:55:31  time: 0.7930  data_time: 0.3609  memory: 3797  loss: 0.9927  decode.loss_ce: 0.9927  decode.acc_seg: 64.5735
04/17 11:35:28 - mmengine - INFO - Iter(train) [  800/20000]  base_lr: 1.2793e-04 lr: 1.2793e-04  eta: 4:54:31  time: 0.8517  data_time: 0.4079  memory: 3797  loss: 0.9781  decode.loss_ce: 0.9781  decode.acc_seg: 70.1083
04/17 11:36:15 - mmengine - INFO - Iter(train) [  850/20000]  base_lr: 1.3593e-04 lr: 1.3593e-04  eta: 4:54:04  time: 1.0991  data_time: 0.6375  memory: 3797  loss: 1.0372  decode.loss_ce: 1.0372  decode.acc_seg: 54.2350
04/17 11:36:56 - mmengine - INFO - Iter(train) [  900/20000]  base_lr: 1.4394e-04 lr: 1.4394e-04  eta: 4:51:30  time: 0.8064  data_time: 0.3472  memory: 3797  loss: 1.1236  decode.loss_ce: 1.1236  decode.acc_seg: 64.8041
04/17 11:37:37 - mmengine - INFO - Iter(train) [  950/20000]  base_lr: 1.5194e-04 lr: 1.5194e-04  eta: 4:49:04  time: 0.7833  data_time: 0.4888  memory: 3797  loss: 1.1079  decode.loss_ce: 1.1079  decode.acc_seg: 62.3882
04/17 11:38:17 - mmengine - INFO - Exp name: RTX3090_segnext_mscan-groupshift-t_ablation_v2_var-d_shift3x3_relu_20250417_112304
04/17 11:38:17 - mmengine - INFO - Iter(train) [ 1000/20000]  base_lr: 1.5995e-04 lr: 1.5995e-04  eta: 4:46:40  time: 0.7197  data_time: 0.3701  memory: 3797  loss: 1.0209  decode.loss_ce: 1.0209  decode.acc_seg: 66.4040
04/17 11:39:00 - mmengine - INFO - Iter(train) [ 1050/20000]  base_lr: 1.6795e-04 lr: 1.6795e-04  eta: 4:45:05  time: 1.0294  data_time: 0.6605  memory: 3797  loss: 0.9575  decode.loss_ce: 0.9575  decode.acc_seg: 55.8026
04/17 11:39:39 - mmengine - INFO - Iter(train) [ 1100/20000]  base_lr: 1.7596e-04 lr: 1.7596e-04  eta: 4:42:43  time: 0.8174  data_time: 0.4431  memory: 3797  loss: 1.0646  decode.loss_ce: 1.0646  decode.acc_seg: 74.5700
04/17 11:40:19 - mmengine - INFO - Iter(train) [ 1150/20000]  base_lr: 1.8396e-04 lr: 1.8396e-04  eta: 4:40:39  time: 0.7597  data_time: 0.4339  memory: 3797  loss: 0.9478  decode.loss_ce: 0.9478  decode.acc_seg: 67.7128
04/17 11:40:59 - mmengine - INFO - Iter(train) [ 1200/20000]  base_lr: 1.9197e-04 lr: 1.9197e-04  eta: 4:38:29  time: 0.7230  data_time: 0.4064  memory: 3797  loss: 1.0441  decode.loss_ce: 1.0441  decode.acc_seg: 66.3331
04/17 11:41:41 - mmengine - INFO - Iter(train) [ 1250/20000]  base_lr: 1.9997e-04 lr: 1.9997e-04  eta: 4:37:17  time: 1.0156  data_time: 0.6499  memory: 3797  loss: 0.9600  decode.loss_ce: 0.9600  decode.acc_seg: 63.5548
04/17 11:42:22 - mmengine - INFO - Iter(train) [ 1300/20000]  base_lr: 2.0798e-04 lr: 2.0798e-04  eta: 4:35:39  time: 0.7528  data_time: 0.4359  memory: 3797  loss: 0.9500  decode.loss_ce: 0.9500  decode.acc_seg: 63.8986
04/17 11:43:01 - mmengine - INFO - Iter(train) [ 1350/20000]  base_lr: 2.1598e-04 lr: 2.1598e-04  eta: 4:33:41  time: 0.7628  data_time: 0.4104  memory: 3797  loss: 0.9338  decode.loss_ce: 0.9338  decode.acc_seg: 68.8332
04/17 11:43:43 - mmengine - INFO - Iter(train) [ 1400/20000]  base_lr: 2.2399e-04 lr: 2.2399e-04  eta: 4:32:30  time: 0.7420  data_time: 0.4074  memory: 3797  loss: 0.9150  decode.loss_ce: 0.9150  decode.acc_seg: 65.2323
04/17 11:44:27 - mmengine - INFO - Iter(train) [ 1450/20000]  base_lr: 2.3199e-04 lr: 2.3199e-04  eta: 4:31:47  time: 1.0751  data_time: 0.7438  memory: 3797  loss: 0.8707  decode.loss_ce: 0.8707  decode.acc_seg: 54.7461
04/17 11:45:06 - mmengine - INFO - Iter(train) [ 1500/20000]  base_lr: 2.4000e-04 lr: 2.4000e-04  eta: 4:30:01  time: 0.6902  data_time: 0.3364  memory: 3797  loss: 0.8925  decode.loss_ce: 0.8925  decode.acc_seg: 64.0591
04/17 11:45:44 - mmengine - INFO - Iter(train) [ 1550/20000]  base_lr: 2.3993e-04 lr: 2.3993e-04  eta: 4:28:15  time: 0.7215  data_time: 0.3506  memory: 3797  loss: 0.8275  decode.loss_ce: 0.8275  decode.acc_seg: 61.9156
04/17 11:46:24 - mmengine - INFO - Iter(train) [ 1600/20000]  base_lr: 2.3985e-04 lr: 2.3985e-04  eta: 4:26:46  time: 0.7369  data_time: 0.3412  memory: 3797  loss: 0.8563  decode.loss_ce: 0.8563  decode.acc_seg: 62.2450
04/17 11:47:08 - mmengine - INFO - Iter(train) [ 1650/20000]  base_lr: 2.3977e-04 lr: 2.3977e-04  eta: 4:26:09  time: 1.1987  data_time: 0.8994  memory: 3797  loss: 1.0058  decode.loss_ce: 1.0058  decode.acc_seg: 71.6845
04/17 11:47:49 - mmengine - INFO - Iter(train) [ 1700/20000]  base_lr: 2.3970e-04 lr: 2.3970e-04  eta: 4:24:53  time: 0.6877  data_time: 0.3989  memory: 3797  loss: 0.8937  decode.loss_ce: 0.8937  decode.acc_seg: 76.2197
04/17 11:48:27 - mmengine - INFO - Iter(train) [ 1750/20000]  base_lr: 2.3962e-04 lr: 2.3962e-04  eta: 4:23:22  time: 0.7244  data_time: 0.3880  memory: 3797  loss: 0.8934  decode.loss_ce: 0.8934  decode.acc_seg: 63.6440
04/17 11:49:06 - mmengine - INFO - Iter(train) [ 1800/20000]  base_lr: 2.3955e-04 lr: 2.3955e-04  eta: 4:21:56  time: 0.7029  data_time: 0.3751  memory: 3797  loss: 0.9104  decode.loss_ce: 0.9104  decode.acc_seg: 71.6763
04/17 11:49:51 - mmengine - INFO - Iter(train) [ 1850/20000]  base_lr: 2.3947e-04 lr: 2.3947e-04  eta: 4:21:27  time: 1.1492  data_time: 0.8307  memory: 3797  loss: 0.7940  decode.loss_ce: 0.7940  decode.acc_seg: 75.5072
04/17 11:50:28 - mmengine - INFO - Iter(train) [ 1900/20000]  base_lr: 2.3940e-04 lr: 2.3940e-04  eta: 4:19:39  time: 0.7095  data_time: 0.2513  memory: 3797  loss: 0.7897  decode.loss_ce: 0.7897  decode.acc_seg: 65.4910
04/17 11:51:08 - mmengine - INFO - Iter(train) [ 1950/20000]  base_lr: 2.3932e-04 lr: 2.3932e-04  eta: 4:18:31  time: 1.1313  data_time: 0.0165  memory: 3797  loss: 0.7812  decode.loss_ce: 0.7812  decode.acc_seg: 73.0116
04/17 11:51:52 - mmengine - INFO - Exp name: RTX3090_segnext_mscan-groupshift-t_ablation_v2_var-d_shift3x3_relu_20250417_112304
04/17 11:51:52 - mmengine - INFO - Iter(train) [ 2000/20000]  base_lr: 2.3924e-04 lr: 2.3924e-04  eta: 4:17:58  time: 0.8274  data_time: 0.0145  memory: 3797  loss: 0.7670  decode.loss_ce: 0.7670  decode.acc_seg: 60.2752
04/17 11:51:52 - mmengine - INFO - Saving checkpoint at 2000 iterations
04/17 11:52:13 - mmengine - WARNING - Image shapes are different in the batch.
04/17 11:52:18 - mmengine - INFO - per class results:
04/17 11:52:18 - mmengine - INFO - 
+----------------------------+-------+-------+--------+-----------+--------+
|           Class            |  IoU  |  Acc  | Fscore | Precision | Recall |
+----------------------------+-------+-------+--------+-----------+--------+
|         background         | 51.47 | 76.39 | 67.96  |   61.21   | 76.39  |
|           water            | 73.65 | 81.11 | 84.83  |    88.9   | 81.11  |
|     building-no-damage     | 40.82 | 60.95 | 57.98  |   55.29   | 60.95  |
|   building-medium-damage   |  17.4 | 23.31 | 29.65  |   40.73   | 23.31  |
|   building-major-damage    |  5.03 |  5.73 |  9.58  |    29.3   |  5.73  |
| building-total-destruction | 20.27 | 26.98 | 33.71  |    44.9   | 26.98  |
|          vehicle           | 12.12 | 13.31 | 21.63  |   57.63   | 13.31  |
|         road-clear         | 50.44 | 75.44 | 67.06  |   60.35   | 75.44  |
|        road-blocked        | 66.65 |  77.7 | 79.98  |   82.41   |  77.7  |
|            tree            |  0.0  |  0.0  |  nan   |    nan    |  0.0   |
|            pool            | 61.93 | 67.78 | 76.49  |   87.76   | 67.78  |
+----------------------------+-------+-------+--------+-----------+--------+
04/17 11:52:18 - mmengine - INFO - Iter(val) [29/29]    aAcc: 71.5000  mIoU: 36.3400  mAcc: 46.2500  mFscore: 52.8900  mPrecision: 60.8500  mRecall: 46.2500  data_time: 0.5905  time: 0.8714
04/17 11:52:45 - mmengine - INFO - Iter(train) [ 2050/20000]  base_lr: 2.3917e-04 lr: 2.3917e-04  eta: 4:14:58  time: 0.6567  data_time: 0.0465  memory: 16499  loss: 0.8343  decode.loss_ce: 0.8343  decode.acc_seg: 73.1491
04/17 11:53:35 - mmengine - INFO - Iter(train) [ 2100/20000]  base_lr: 2.3909e-04 lr: 2.3909e-04  eta: 4:15:16  time: 1.3026  data_time: 0.0177  memory: 3799  loss: 0.8556  decode.loss_ce: 0.8556  decode.acc_seg: 71.4288
04/17 11:54:14 - mmengine - INFO - Iter(train) [ 2150/20000]  base_lr: 2.3902e-04 lr: 2.3902e-04  eta: 4:13:58  time: 0.7199  data_time: 0.2148  memory: 3799  loss: 0.8242  decode.loss_ce: 0.8242  decode.acc_seg: 52.4943
04/17 11:54:55 - mmengine - INFO - Iter(train) [ 2200/20000]  base_lr: 2.3894e-04 lr: 2.3894e-04  eta: 4:13:03  time: 0.7238  data_time: 0.3219  memory: 3799  loss: 0.7272  decode.loss_ce: 0.7272  decode.acc_seg: 77.6507
04/17 11:55:37 - mmengine - INFO - Iter(train) [ 2250/20000]  base_lr: 2.3887e-04 lr: 2.3887e-04  eta: 4:12:19  time: 0.9906  data_time: 0.6333  memory: 3799  loss: 0.7999  decode.loss_ce: 0.7999  decode.acc_seg: 74.2498
04/17 11:56:18 - mmengine - INFO - Iter(train) [ 2300/20000]  base_lr: 2.3879e-04 lr: 2.3879e-04  eta: 4:11:19  time: 0.7037  data_time: 0.3523  memory: 3799  loss: 0.7819  decode.loss_ce: 0.7819  decode.acc_seg: 70.6122
04/17 11:56:57 - mmengine - INFO - Iter(train) [ 2350/20000]  base_lr: 2.3871e-04 lr: 2.3871e-04  eta: 4:10:10  time: 0.6916  data_time: 0.2873  memory: 3799  loss: 0.8372  decode.loss_ce: 0.8372  decode.acc_seg: 72.8803
04/17 11:57:36 - mmengine - INFO - Iter(train) [ 2400/20000]  base_lr: 2.3864e-04 lr: 2.3864e-04  eta: 4:09:03  time: 0.7320  data_time: 0.3746  memory: 3799  loss: 0.8839  decode.loss_ce: 0.8839  decode.acc_seg: 65.7006
04/17 11:58:20 - mmengine - INFO - Iter(train) [ 2450/20000]  base_lr: 2.3856e-04 lr: 2.3856e-04  eta: 4:08:33  time: 1.0651  data_time: 0.7010  memory: 3799  loss: 0.7773  decode.loss_ce: 0.7773  decode.acc_seg: 77.1182
04/17 11:59:01 - mmengine - INFO - Iter(train) [ 2500/20000]  base_lr: 2.3849e-04 lr: 2.3849e-04  eta: 4:07:42  time: 0.7632  data_time: 0.4453  memory: 3799  loss: 0.8203  decode.loss_ce: 0.8203  decode.acc_seg: 74.2961
WARNING:torch.distributed.elastic.multiprocessing.api:Sending process 34558 closing signal SIGTERM
ERROR:torch.distributed.elastic.multiprocessing.api:failed (exitcode: -9) local_rank: 0 (pid: 34556) of binary: /venv/main/bin/python
Traceback (most recent call last):
  File "/usr/lib/python3.10/runpy.py", line 196, in _run_module_as_main
    return _run_code(code, main_globals, None,
  File "/usr/lib/python3.10/runpy.py", line 86, in _run_code
    exec(code, run_globals)
  File "/venv/main/lib/python3.10/site-packages/torch/distributed/launch.py", line 193, in <module>
    main()
  File "/venv/main/lib/python3.10/site-packages/torch/distributed/launch.py", line 189, in main
    launch(args)
  File "/venv/main/lib/python3.10/site-packages/torch/distributed/launch.py", line 174, in launch
    run(args)
  File "/venv/main/lib/python3.10/site-packages/torch/distributed/run.py", line 752, in run
    elastic_launch(
  File "/venv/main/lib/python3.10/site-packages/torch/distributed/launcher/api.py", line 131, in __call__
    return launch_agent(self._config, self._entrypoint, list(args))
  File "/venv/main/lib/python3.10/site-packages/torch/distributed/launcher/api.py", line 245, in launch_agent
    raise ChildFailedError(
torch.distributed.elastic.multiprocessing.errors.ChildFailedError: 
======================================================
tools/train.py FAILED
------------------------------------------------------
Failures:
[1]:
  time      : 2025-04-17_11:59:08
  host      : 5d8211e313ef
  rank      : 1 (local_rank: 1)
  exitcode  : -9 (pid: 34557)
  error_file: <N/A>
  traceback : Signal 9 (SIGKILL) received by PID 34557
[2]:
  time      : 2025-04-17_11:59:08
  host      : 5d8211e313ef
  rank      : 3 (local_rank: 3)
  exitcode  : -9 (pid: 34559)
  error_file: <N/A>
  traceback : Signal 9 (SIGKILL) received by PID 34559
------------------------------------------------------
Root Cause (first observed failure):
[0]:
  time      : 2025-04-17_11:59:08
  host      : 5d8211e313ef
  rank      : 0 (local_rank: 0)
  exitcode  : -9 (pid: 34556)
  error_file: <N/A>
  traceback : Signal 9 (SIGKILL) received by PID 34556
======================================================
